Arguments: 
  /usr/bin/node /usr/local/bin/yarn install

PATH: 
  /usr/local/sbin:/usr/local/bin:/usr/sbin:/usr/bin:/sbin:/bin:/snap/bin

Yarn version: 
  1.16.0

Node version: 
  8.10.0

Platform: 
  linux x64

Trace: 
  Error: getaddrinfo ENOTFOUND registry.yarnpkg.com registry.yarnpkg.com:443
      at errnoException (dns.js:50:10)
      at GetAddrInfoReqWrap.onlookup [as oncomplete] (dns.js:92:26)

npm manifest: 
  {
    "name": "sanwps",
    "version": "0.0.1",
    "description": "sanwps aoo",
    "productName": "sanwps",
    "cordovaId": "org.cordova.quasar.app",
    "author": "Godfadatun <danyadegoke@gmail.com>",
    "private": true,
    "scripts": {
      "test": "echo \"No test specified\" && exit 0"
    },
    "dependencies": {
      "@quasar/extras": "^1.0.0",
      "axios": "^0.18.1",
      "quasar": "^1.0.0",
      "vue-i18n": "^8.0.0"
    },
    "devDependencies": {
      "@quasar/app": "^1.0.0"
    },
    "engines": {
      "node": ">= 8.9.0",
      "npm": ">= 5.6.0",
      "yarn": ">= 1.6.0"
    },
    "browserslist": [
      "last 1 version, not dead, ie >= 11"
    ]
  }

yarn manifest: 
  No manifest

Lockfile: 
  No lockfile
